
VisualSFM 3D reconstruction, begin...
Load DJI_0005_sparse.nvm...

img062
image_size:	1280x720
#sift count:	11411

img063
image_size:	1280x720
#sift count:	11150

img064
image_size:	1280x720
#sift count:	11378

img065
image_size:	1280x720
#sift count:	11129

img066
image_size:	1280x720
#sift count:	11198

img067
image_size:	1280x720
#sift count:	10490

img068
image_size:	1280x720
#sift count:	11052

img069
image_size:	1280x720
#sift count:	10694

img070
image_size:	1280x720
#sift count:	10322

img071
image_size:	1280x720
#sift count:	10006

img072
image_size:	1280x720
#sift count:	10625

img073
image_size:	1280x720
#sift count:	10769

img074
image_size:	1280x720
#sift count:	11574

img001
image_size:	1280x720
#sift count:	10003

img002
image_size:	1280x720
#sift count:	10013

img075
image_size:	1280x720
#sift count:	11177

img003
image_size:	1280x720
#sift count:	9004

img004
image_size:	1280x720
#sift count:	8709

img005
image_size:	1280x720
#sift count:	10885

img076
image_size:	1280x720
#sift count:	12189

img077
image_size:	1280x720
#sift count:	12290

img006
image_size:	1280x720
#sift count:	11323

img078
image_size:	1280x720
#sift count:	12384

img007
image_size:	1280x720
#sift count:	10803

img079
image_size:	1280x720
#sift count:	11681

img080
image_size:	1280x720
#sift count:	12603

img008
image_size:	1280x720
#sift count:	9916

img081
image_size:	1280x720
#sift count:	12411

img009
image_size:	1280x720
#sift count:	12053

img010
image_size:	1280x720
#sift count:	12266

img082
image_size:	1280x720
#sift count:	12177

img083
image_size:	1280x720
#sift count:	11268

img011
image_size:	1280x720
#sift count:	11771

img084
image_size:	1280x720
#sift count:	11771

img012
image_size:	1280x720
#sift count:	10866

img085
image_size:	1280x720
#sift count:	11327

img061
image_size:	1280x720
#sift count:	12006

img060
image_size:	1280x720
#sift count:	12201

img059
image_size:	1280x720
#sift count:	11989

img058
image_size:	1280x720
#sift count:	12548

img057
image_size:	1280x720
#sift count:	12572

img056
image_size:	1280x720
#sift count:	13187

img055
image_size:	1280x720
#sift count:	12636

img054
image_size:	1280x720
#sift count:	13345

img053
image_size:	1280x720
#sift count:	13252

img052
image_size:	1280x720
#sift count:	12897

img051
image_size:	1280x720
#sift count:	12777

img050
image_size:	1280x720
#sift count:	12831

img049
image_size:	1280x720
#sift count:	12901

img048
image_size:	1280x720
#sift count:	13096

img047
image_size:	1280x720
#sift count:	12843

img046
image_size:	1280x720
#sift count:	13107

img045
image_size:	1280x720
#sift count:	13624

img044
image_size:	1280x720
#sift count:	13777

img043
image_size:	1280x720
#sift count:	13608

img042
image_size:	1280x720
#sift count:	14309

img041
image_size:	1280x720
#sift count:	14291

img040
image_size:	1280x720
#sift count:	14682

img039
image_size:	1280x720
#sift count:	14360

img038
image_size:	1280x720
#sift count:	14694

img037
image_size:	1280x720
#sift count:	7752

img036
image_size:	1280x720
#sift count:	7865

img035
image_size:	1280x720
#sift count:	13984

img034
image_size:	1280x720
#sift count:	7780

img033
image_size:	1280x720
#sift count:	12983

img032
image_size:	1280x720
#sift count:	12022

img031
image_size:	1280x720
#sift count:	12259

img030
image_size:	1280x720
#sift count:	12001

img029
image_size:	1280x720
#sift count:	11266

img028
image_size:	1280x720
#sift count:	10535

img027
image_size:	1280x720
#sift count:	10532

img026
image_size:	1280x720
#sift count:	10419

img025
image_size:	1280x720
#sift count:	10385

img024
image_size:	1280x720
#sift count:	9624

img023
image_size:	1280x720
#sift count:	9705

img022
image_size:	1280x720
#sift count:	9850

img021
image_size:	1280x720
#sift count:	10284

img020
image_size:	1280x720
#sift count:	10226

img019
image_size:	1280x720
#sift count:	10617

img013
image_size:	1280x720
#sift count:	11208

img086
image_size:	1280x720
#sift count:	11305

img014
image_size:	1280x720
#sift count:	11216

img015
image_size:	1280x720
#sift count:	11126

img018
image_size:	1280x720
#sift count:	11131

img017
image_size:	1280x720
#sift count:	11311

img016
image_size:	1280x720
#sift count:	10676

Loading 18942 3D points...
# images loaded:	86
Loading image pixel data ...done in 0s
Load NVM for dense reconstruction
Save to /home/alejandro/Documents/SecurityEngine/DJI_0005/DJI_0005_dense.nvm ... done

#############################
Undistorting 86 images in model #0
param_undistortion_thread_num = 0
NOTE: using 8 threads...
#05: img070 -> 00000008.jpg, 0.720 sec
#02: img066 -> 00000004.jpg, 0.752 sec
#06: img071 -> 00000009.jpg, 0.790 sec
#07: img072 -> 00000010.jpg, 0.813 sec
#03: img068 -> 00000006.jpg, 0.833 sec
#01: img064 -> 00000002.jpg, 0.838 sec
#00: img062 -> 00000000.jpg, 0.865 sec
#04: img069 -> 00000007.jpg, 0.916 sec
#05: img073 -> 00000011.jpg, 0.741 sec
#02: img067 -> 00000005.jpg, 0.739 sec
#06: img001 -> 00000013.jpg, 0.737 sec
#07: img075 -> 00000015.jpg, 0.742 sec
#01: img065 -> 00000003.jpg, 0.735 sec
#03: img004 -> 00000017.jpg, 0.756 sec
#00: img063 -> 00000001.jpg, 0.729 sec
#04: img076 -> 00000019.jpg, 0.722 sec
#05: img074 -> 00000012.jpg, 0.723 sec
#02: img006 -> 00000021.jpg, 0.753 sec
#06: img002 -> 00000014.jpg, 0.759 sec
#01: img007 -> 00000023.jpg, 0.770 sec
#07: img003 -> 00000016.jpg, 0.798 sec
#00: img080 -> 00000025.jpg, 0.779 sec
#03: img005 -> 00000018.jpg, 0.786 sec
#04: img077 -> 00000020.jpg, 0.790 sec
#05: img081 -> 00000027.jpg, 0.974 sec
#02: img078 -> 00000022.jpg, 1.003 sec
#06: img010 -> 00000029.jpg, 0.983 sec
#01: img079 -> 00000024.jpg, 0.995 sec
#07: img083 -> 00000031.jpg, 0.999 sec
#03: img084 -> 00000033.jpg, 0.979 sec
#00: img008 -> 00000026.jpg, 1.036 sec
#04: img085 -> 00000035.jpg, 0.986 sec
#05: img009 -> 00000028.jpg, 0.996 sec
#02: img060 -> 00000037.jpg, 1.010 sec
#06: img082 -> 00000030.jpg, 1.014 sec
#01: img058 -> 00000039.jpg, 0.994 sec
#03: img012 -> 00000034.jpg, 0.988 sec
#07: img011 -> 00000032.jpg, 1.013 sec
#04: img061 -> 00000036.jpg, 1.003 sec
#00: img056 -> 00000041.jpg, 1.017 sec
#05: img054 -> 00000043.jpg, 0.991 sec
#02: img059 -> 00000038.jpg, 1.010 sec
#06: img052 -> 00000045.jpg, 0.993 sec
#01: img057 -> 00000040.jpg, 0.982 sec
#03: img050 -> 00000047.jpg, 0.993 sec
#07: img048 -> 00000049.jpg, 1.028 sec
#04: img046 -> 00000051.jpg, 0.994 sec
#00: img055 -> 00000042.jpg, 1.008 sec
#05: img053 -> 00000044.jpg, 1.001 sec
#06: img051 -> 00000046.jpg, 0.984 sec
#02: img044 -> 00000053.jpg, 0.994 sec
#01: img042 -> 00000055.jpg, 0.983 sec
#03: img049 -> 00000048.jpg, 0.976 sec
#07: img047 -> 00000050.jpg, 0.985 sec
#04: img045 -> 00000052.jpg, 0.970 sec
#00: img040 -> 00000057.jpg, 0.986 sec
#05: img038 -> 00000059.jpg, 0.861 sec
#06: img036 -> 00000061.jpg, 0.847 sec
#02: img043 -> 00000054.jpg, 0.846 sec
#01: img041 -> 00000056.jpg, 0.847 sec
#03: img034 -> 00000063.jpg, 0.843 sec
#04: img030 -> 00000067.jpg, 0.837 sec
#07: img032 -> 00000065.jpg, 0.859 sec
#00: img039 -> 00000058.jpg, 0.865 sec
#05: img037 -> 00000060.jpg, 0.853 sec
#02: img028 -> 00000069.jpg, 0.834 sec
#06: img035 -> 00000062.jpg, 0.845 sec
#01: img026 -> 00000071.jpg, 0.829 sec
#03: img033 -> 00000064.jpg, 0.839 sec
#04: img029 -> 00000068.jpg, 0.846 sec
#07: img031 -> 00000066.jpg, 0.856 sec
#00: img024 -> 00000073.jpg, 0.832 sec
#05: img022 -> 00000075.jpg, 0.841 sec
#02: img027 -> 00000070.jpg, 0.832 sec
#06: img020 -> 00000077.jpg, 0.825 sec
#01: img025 -> 00000072.jpg, 0.824 sec
#03: img013 -> 00000079.jpg, 0.826 sec
#04: img014 -> 00000081.jpg, 0.824 sec
#07: img018 -> 00000083.jpg, 0.802 sec
#00: img023 -> 00000074.jpg, 0.835 sec
#06: img019 -> 00000078.jpg, 0.682 sec
#03: img086 -> 00000080.jpg, 0.700 sec
#05: img021 -> 00000076.jpg, 0.830 sec
#02: img016 -> 00000085.jpg, 0.832 sec
#04: img015 -> 00000082.jpg, 0.739 sec
#07: img017 -> 00000084.jpg, 0.770 sec
----------------------------------------------------------------
Running Yasutaka Furukawa's CMVS tool...
cmvs /home/alejandro/Documents/SecurityEngine/DJI_0005/DJI_0005_dense.nvm.cmvs/00/ 50 8
genOption /home/alejandro/Documents/SecurityEngine/DJI_0005/DJI_0005_dense.nvm.cmvs/00/ 1 2 0.700000 7 3 8
PMVS Batch file generated.
PMVS step is skipped when using [+cmvs]. To also run PMVS,  
Use [VisuaSFM sfm[+resume][+pmvs] input output] instead
----------------------------------------------------------------
VisualSFM 3D reconstruction, finished
Totally 12.000 seconds used

__LogFile: /home/alejandro/vsfm/vsfm/bin/log/[16_11_28][16_08_12][890].log
