
VisualSFM 3D reconstruction, begin...
Load cmdLineTest.nvm...

img099
image_size:	1280x720
#sift count:	5635

img101
image_size:	1280x720
#sift count:	6527

img102
image_size:	1280x720
#sift count:	6953

img029
image_size:	1280x720
#sift count:	7362

img028
image_size:	1280x720
#sift count:	6740

img030
image_size:	1280x720
#sift count:	7187

img027
image_size:	1280x720
#sift count:	6815

img100
image_size:	1280x720
#sift count:	5998

img026
image_size:	1280x720
#sift count:	6078

img031
image_size:	1280x720
#sift count:	7215

img103
image_size:	1280x720
#sift count:	7248

img104
image_size:	1280x720
#sift count:	6891

img032
image_size:	1280x720
#sift count:	7413

img033
image_size:	1280x720
#sift count:	7458

img034
image_size:	1280x720
#sift count:	7470

img035
image_size:	1280x720
#sift count:	7245

img106
image_size:	1280x720
#sift count:	6919

img105
image_size:	1280x720
#sift count:	7139

img036
image_size:	1280x720
#sift count:	7367

img037
image_size:	1280x720
#sift count:	7401

img038
image_size:	1280x720
#sift count:	7618

img108
image_size:	1280x720
#sift count:	6817

img107
image_size:	1280x720
#sift count:	6875

img109
image_size:	1280x720
#sift count:	6682

img039
image_size:	1280x720
#sift count:	7927

img110
image_size:	1280x720
#sift count:	7036

img040
image_size:	1280x720
#sift count:	7197

img111
image_size:	1280x720
#sift count:	6938

img041
image_size:	1280x720
#sift count:	7366

img112
image_size:	1280x720
#sift count:	7033

img113
image_size:	1280x720
#sift count:	7090

img042
image_size:	1280x720
#sift count:	7528

img114
image_size:	1280x720
#sift count:	7026

img043
image_size:	1280x720
#sift count:	7381

img115
image_size:	1280x720
#sift count:	7170

img044
image_size:	1280x720
#sift count:	7851

img045
image_size:	1280x720
#sift count:	7663

img116
image_size:	1280x720
#sift count:	7301

img046
image_size:	1280x720
#sift count:	7335

img117
image_size:	1280x720
#sift count:	7339

img047
image_size:	1280x720
#sift count:	7370

img118
image_size:	1280x720
#sift count:	7531

img048
image_size:	1280x720
#sift count:	7449

img098
image_size:	1280x720
#sift count:	5622

img049
image_size:	1280x720
#sift count:	7644

img025
image_size:	1280x720
#sift count:	5794

img097
image_size:	1280x720
#sift count:	5245

img024
image_size:	1280x720
#sift count:	5760

img023
image_size:	1280x720
#sift count:	5612

img096
image_size:	1280x720
#sift count:	5669

img022
image_size:	1280x720
#sift count:	5469

img095
image_size:	1280x720
#sift count:	5542

img094
image_size:	1280x720
#sift count:	5492

img021
image_size:	1280x720
#sift count:	5508

img020
image_size:	1280x720
#sift count:	5572

img093
image_size:	1280x720
#sift count:	5863

img019
image_size:	1280x720
#sift count:	5735

img092
image_size:	1280x720
#sift count:	6206

img091
image_size:	1280x720
#sift count:	5842

img018
image_size:	1280x720
#sift count:	5894

img090
image_size:	1280x720
#sift count:	6015

img017
image_size:	1280x720
#sift count:	6090

img089
image_size:	1280x720
#sift count:	6395

img016
image_size:	1280x720
#sift count:	6306

img088
image_size:	1280x720
#sift count:	6413

img015
image_size:	1280x720
#sift count:	6406

img014
image_size:	1280x720
#sift count:	6710

img087
image_size:	1280x720
#sift count:	7014

img086
image_size:	1280x720
#sift count:	6697

img013
image_size:	1280x720
#sift count:	6578

img085
image_size:	1280x720
#sift count:	6843

img012
image_size:	1280x720
#sift count:	7221

img011
image_size:	1280x720
#sift count:	8806

img083
image_size:	1280x720
#sift count:	7662

img010
image_size:	1280x720
#sift count:	10699

img084
image_size:	1280x720
#sift count:	7619

img082
image_size:	1280x720
#sift count:	7982

img009
image_size:	1280x720
#sift count:	12680

img008
image_size:	1280x720
#sift count:	14181

img007
image_size:	1280x720
#sift count:	14849

img006
image_size:	1280x720
#sift count:	13750

img005
image_size:	1280x720
#sift count:	13181

img004
image_size:	1280x720
#sift count:	12653

img003
image_size:	1280x720
#sift count:	12575

img002
image_size:	1280x720
#sift count:	13297

img001
image_size:	1280x720
#sift count:	14059

img080
image_size:	1280x720
#sift count:	8219

img081
image_size:	1280x720
#sift count:	7919

img079
image_size:	1280x720
#sift count:	8436

img078
image_size:	1280x720
#sift count:	8950

img077
image_size:	1280x720
#sift count:	9148

img076
image_size:	1280x720
#sift count:	9130

img075
image_size:	1280x720
#sift count:	9277

img074
image_size:	1280x720
#sift count:	9264

img073
image_size:	1280x720
#sift count:	9148

img072
image_size:	1280x720
#sift count:	9584

img071
image_size:	1280x720
#sift count:	9647

img070
image_size:	1280x720
#sift count:	9664

img069
image_size:	1280x720
#sift count:	9647

img068
image_size:	1280x720
#sift count:	9564

img067
image_size:	1280x720
#sift count:	9667

img066
image_size:	1280x720
#sift count:	9730

img065
image_size:	1280x720
#sift count:	9618

img064
image_size:	1280x720
#sift count:	9547

img063
image_size:	1280x720
#sift count:	9631

img062
image_size:	1280x720
#sift count:	9359

img050
image_size:	1280x720
#sift count:	8273

img051
image_size:	1280x720
#sift count:	8221

img052
image_size:	1280x720
#sift count:	8362

img061
image_size:	1280x720
#sift count:	8508

img060
image_size:	1280x720
#sift count:	8487

img053
image_size:	1280x720
#sift count:	8202

img054
image_size:	1280x720
#sift count:	8158

img055
image_size:	1280x720
#sift count:	7919

img059
image_size:	1280x720
#sift count:	8564

img058
image_size:	1280x720
#sift count:	8497

img056
image_size:	1280x720
#sift count:	8111

img057
image_size:	1280x720
#sift count:	8333

Loading 23855 3D points...
# images loaded:	118
Loading image pixel data ...done in 0s
Load NVM for dense reconstruction
----------------------------------------------------------------
VisualSFM 3D reconstruction, finished
Totally 1.000 seconds used

__LogFile: /home/alejandro/vsfm/vsfm/bin/log/[16_11_17][19_50_53][858].log
